2026-02-11 23:07:44,674 - INFO - ğŸš€ é–‹å§‹åŸ·è¡Œæ‰¹æ¬¡è¨“ç·´ (Batch Training)...
2026-02-11 23:07:44,677 - INFO - æ­£åœ¨è®€å–æ­·å²è³‡æ–™ (Table A & Table B)...
2026-02-11 23:07:44,929 - INFO - ç¸½åˆ†æå–®æ•¸: A=0, B=1035
2026-02-11 23:07:44,930 - INFO - ç¬¦åˆã€Œé …æ¬¡æ•¸é‡ä¸€è‡´(1å°1)ã€çš„æœ‰æ•ˆè¨“ç·´å–®æ•¸: 0
2026-02-11 23:07:44,930 - WARNING - æ²’æœ‰ç¬¦åˆè¨“ç·´æ¢ä»¶çš„è³‡æ–™ã€‚è«‹ç¢ºèª Table A èˆ‡ B æ˜¯å¦æœ‰æˆå°çš„ä¸»/åˆ†æå–®è™Ÿã€‚
2026-02-11 23:10:46,696 - INFO - ğŸš€ é–‹å§‹åŸ·è¡Œæ‰¹æ¬¡è¨“ç·´ (Batch Training)...
2026-02-11 23:10:46,698 - INFO - æ­£åœ¨è®€å–æ­·å²è³‡æ–™ (Table A & Table B)...
2026-02-11 23:10:46,963 - INFO - ç¸½åˆ†æå–®æ•¸: A=1035, B=1035
2026-02-11 23:10:46,964 - INFO - ç¬¦åˆã€Œé …æ¬¡æ•¸é‡ä¸€è‡´(1å°1)ã€çš„æœ‰æ•ˆè¨“ç·´å–®æ•¸: 1030
2026-02-11 23:10:46,993 - INFO - æ­£åœ¨é€²è¡ŒçŸ¥è­˜èƒå–èˆ‡å¤šæ•¸æ±ºæŠ•ç¥¨...
2026-02-11 23:10:47,002 - INFO - å­¸ç¿’å®Œæˆï¼Œå…±æå– 1381 æ¢æ¨™æº–çŸ¥è­˜ã€‚æº–å‚™å¯«å…¥...
2026-02-11 23:10:47,203 - INFO - âœ… æ¨™æº–çŸ¥è­˜åº«å·²æ›´æ–°å®Œç•¢ï¼
2026-02-14 23:39:39,471 - INFO - ğŸš€ é–‹å§‹åŸ·è¡Œæ‰¹æ¬¡è¨“ç·´ (Batch Training)...
2026-02-14 23:39:39,479 - INFO - æ­£åœ¨è®€å–æ­·å²è³‡æ–™ (Table A & Table B)...
2026-02-14 23:39:45,218 - INFO - ç¸½åˆ†æå–®æ•¸: A=2723, B=17678
2026-02-14 23:39:45,218 - INFO - ç¬¦åˆã€Œé …æ¬¡æ•¸é‡ä¸€è‡´(1å°1)ã€çš„æœ‰æ•ˆè¨“ç·´å–®æ•¸: 2702
2026-02-14 23:39:45,256 - INFO - æ­£åœ¨é€²è¡ŒçŸ¥è­˜èƒå–èˆ‡å¤šæ•¸æ±ºæŠ•ç¥¨...
2026-02-14 23:39:45,299 - INFO - å­¸ç¿’å®Œæˆï¼Œå…±æå– 3205 æ¢æ¨™æº–çŸ¥è­˜ã€‚æº–å‚™å¯«å…¥...
2026-02-14 23:39:46,162 - ERROR - è¨“ç·´éç¨‹ç™¼ç”ŸéŒ¯èª¤: Execution failed on sql 'INSERT INTO standard_knowledge_base (original_description, official_description, ccc_code, frequency) VALUES (:original_description, :official_description, :ccc_code, :frequency)': (pymysql.err.IntegrityError) (1062, "Duplicate entry 'Poloè¡«' for key 'uk_original_desc'")
[SQL: INSERT INTO standard_knowledge_base (original_description, official_description, ccc_code, frequency) VALUES (%(original_description)s, %(official_description)s, %(ccc_code)s, %(frequency)s)]
[parameters: [{'original_description': 'æˆ·å¤–æ¤…å­å‡³å­', 'official_description': 'æ¤…å­é…ä»¶', 'ccc_code': '9402.10.92.00-3', 'frequency': 4}, {'original_description': 'å®å®è¾…é£Ÿæœº/æ–™ç†æœº/é£Ÿç‰©æ…æ‹Œå™¨', 'official_description': 'å®¶ç”¨å™¨å…·', 'ccc_code': '7321.89.90.00-3', 'frequency': 1}, {'original_description': 'USBé£æ‰‡', 'official_description': 'é¢¨æ‰‡é…ä»¶', 'ccc_code': '8414.90.90.00-6', 'frequency': 25}, {'original_description': 'æ‰‹æœºè´´è†œ', 'official_description': 'è† è†œ', 'ccc_code': '3926.90.39.00-1', 'frequency': 19}, {'original_description': 'æ±½è½¦è£…é¥°è´´/åå…‰è´´', 'official_description': 'è²¼ç´™', 'ccc_code': '4911.10.00.00-8', 'frequency': 4}, {'original_description': 'æ™ºèƒ½æ‰‹è¡¨', 'official_description': 'æ‰‹éŒ¶', 'ccc_code': '9101.19.90.00-0', 'frequency': 3}, {'original_description': 'æ‰‹æœºå……ç”µå™¨', 'official_description': 'å……é›»å™¨', 'ccc_code': '8504.40.20.00-3', 'frequency': 19}, {'original_description': 'è‡ªæ‹æ†/æ¶', 'official_description': 'æ¶å­', 'ccc_code': '8302.49.00.00-2', 'frequency': 4}  ... displaying 10 of 3205 total bound parameter sets ...  {'original_description': 'è»Šè²¼ç´™', 'official_description': 'è²¼ç´™', 'ccc_code': '4911.10.00.00-8', 'frequency': 1}, {'original_description': 'äºŒä»¶å¥—', 'official_description': 'SHIRT', 'ccc_code': '6110.20.00.00-1', 'frequency': 1}]]
(Background on this error at: https://sqlalche.me/e/20/gkpj)
Traceback (most recent call last):
  File "G:\æˆ‘çš„é›²ç«¯ç¡¬ç¢Ÿ\SeaExpress_Automation_Project\SeaExpress_Core\venv\Lib\site-packages\sqlalchemy\engine\base.py", line 1936, in _exec_single_context
    self.dialect.do_executemany(
    ~~~~~~~~~~~~~~~~~~~~~~~~~~~^
        cursor,
        ^^^^^^^
    ...<2 lines>...
        context,
        ^^^^^^^^
    )
    ^
  File "G:\æˆ‘çš„é›²ç«¯ç¡¬ç¢Ÿ\SeaExpress_Automation_Project\SeaExpress_Core\venv\Lib\site-packages\sqlalchemy\dialects\mysql\mysqldb.py", line 196, in do_executemany
    rowcount = cursor.executemany(statement, parameters)
  File "G:\æˆ‘çš„é›²ç«¯ç¡¬ç¢Ÿ\SeaExpress_Automation_Project\SeaExpress_Core\venv\Lib\site-packages\pymysql\cursors.py", line 182, in executemany
    return self._do_execute_many(
           ~~~~~~~~~~~~~~~~~~~~~^
        q_prefix,
        ^^^^^^^^^
    ...<4 lines>...
        self._get_db().encoding,
        ^^^^^^^^^^^^^^^^^^^^^^^^
    )
    ^
  File "G:\æˆ‘çš„é›²ç«¯ç¡¬ç¢Ÿ\SeaExpress_Automation_Project\SeaExpress_Core\venv\Lib\site-packages\pymysql\cursors.py", line 220, in _do_execute_many
    rows += self.execute(sql + postfix)
            ~~~~~~~~~~~~^^^^^^^^^^^^^^^
  File "G:\æˆ‘çš„é›²ç«¯ç¡¬ç¢Ÿ\SeaExpress_Automation_Project\SeaExpress_Core\venv\Lib\site-packages\pymysql\cursors.py", line 153, in execute
    result = self._query(query)
  File "G:\æˆ‘çš„é›²ç«¯ç¡¬ç¢Ÿ\SeaExpress_Automation_Project\SeaExpress_Core\venv\Lib\site-packages\pymysql\cursors.py", line 322, in _query
    conn.query(q)
    ~~~~~~~~~~^^^
  File "G:\æˆ‘çš„é›²ç«¯ç¡¬ç¢Ÿ\SeaExpress_Automation_Project\SeaExpress_Core\venv\Lib\site-packages\pymysql\connections.py", line 575, in query
    self._affected_rows = self._read_query_result(unbuffered=unbuffered)
                          ~~~~~~~~~~~~~~~~~~~~~~~^^^^^^^^^^^^^^^^^^^^^^^
  File "G:\æˆ‘çš„é›²ç«¯ç¡¬ç¢Ÿ\SeaExpress_Automation_Project\SeaExpress_Core\venv\Lib\site-packages\pymysql\connections.py", line 826, in _read_query_result
    result.read()
    ~~~~~~~~~~~^^
  File "G:\æˆ‘çš„é›²ç«¯ç¡¬ç¢Ÿ\SeaExpress_Automation_Project\SeaExpress_Core\venv\Lib\site-packages\pymysql\connections.py", line 1203, in read
    first_packet = self.connection._read_packet()
  File "G:\æˆ‘çš„é›²ç«¯ç¡¬ç¢Ÿ\SeaExpress_Automation_Project\SeaExpress_Core\venv\Lib\site-packages\pymysql\connections.py", line 782, in _read_packet
    packet.raise_for_error()
    ~~~~~~~~~~~~~~~~~~~~~~^^
  File "G:\æˆ‘çš„é›²ç«¯ç¡¬ç¢Ÿ\SeaExpress_Automation_Project\SeaExpress_Core\venv\Lib\site-packages\pymysql\protocol.py", line 219, in raise_for_error
    err.raise_mysql_exception(self._data)
    ~~~~~~~~~~~~~~~~~~~~~~~~~^^^^^^^^^^^^
  File "G:\æˆ‘çš„é›²ç«¯ç¡¬ç¢Ÿ\SeaExpress_Automation_Project\SeaExpress_Core\venv\Lib\site-packages\pymysql\err.py", line 150, in raise_mysql_exception
    raise errorclass(errno, errval)
pymysql.err.IntegrityError: (1062, "Duplicate entry 'Poloè¡«' for key 'uk_original_desc'")

The above exception was the direct cause of the following exception:

Traceback (most recent call last):
  File "G:\æˆ‘çš„é›²ç«¯ç¡¬ç¢Ÿ\SeaExpress_Automation_Project\SeaExpress_Core\venv\Lib\site-packages\pandas\io\sql.py", line 1679, in execute
    return execute_function(sql, *args)
  File "G:\æˆ‘çš„é›²ç«¯ç¡¬ç¢Ÿ\SeaExpress_Automation_Project\SeaExpress_Core\venv\Lib\site-packages\sqlalchemy\engine\base.py", line 1419, in execute
    return meth(
        self,
        distilled_parameters,
        execution_options or NO_OPTIONS,
    )
  File "G:\æˆ‘çš„é›²ç«¯ç¡¬ç¢Ÿ\SeaExpress_Automation_Project\SeaExpress_Core\venv\Lib\site-packages\sqlalchemy\sql\elements.py", line 527, in _execute_on_connection
    return connection._execute_clauseelement(
           ~~~~~~~~~~~~~~~~~~~~~~~~~~~~~~~~~^
        self, distilled_params, execution_options
        ^^^^^^^^^^^^^^^^^^^^^^^^^^^^^^^^^^^^^^^^^
    )
    ^
  File "G:\æˆ‘çš„é›²ç«¯ç¡¬ç¢Ÿ\SeaExpress_Automation_Project\SeaExpress_Core\venv\Lib\site-packages\sqlalchemy\engine\base.py", line 1641, in _execute_clauseelement
    ret = self._execute_context(
        dialect,
    ...<8 lines>...
        cache_hit=cache_hit,
    )
  File "G:\æˆ‘çš„é›²ç«¯ç¡¬ç¢Ÿ\SeaExpress_Automation_Project\SeaExpress_Core\venv\Lib\site-packages\sqlalchemy\engine\base.py", line 1846, in _execute_context
    return self._exec_single_context(
           ~~~~~~~~~~~~~~~~~~~~~~~~~^
        dialect, context, statement, parameters
        ^^^^^^^^^^^^^^^^^^^^^^^^^^^^^^^^^^^^^^^
    )
    ^
  File "G:\æˆ‘çš„é›²ç«¯ç¡¬ç¢Ÿ\SeaExpress_Automation_Project\SeaExpress_Core\venv\Lib\site-packages\sqlalchemy\engine\base.py", line 1986, in _exec_single_context
    self._handle_dbapi_exception(
    ~~~~~~~~~~~~~~~~~~~~~~~~~~~~^
        e, str_statement, effective_parameters, cursor, context
        ^^^^^^^^^^^^^^^^^^^^^^^^^^^^^^^^^^^^^^^^^^^^^^^^^^^^^^^
    )
    ^
  File "G:\æˆ‘çš„é›²ç«¯ç¡¬ç¢Ÿ\SeaExpress_Automation_Project\SeaExpress_Core\venv\Lib\site-packages\sqlalchemy\engine\base.py", line 2363, in _handle_dbapi_exception
    raise sqlalchemy_exception.with_traceback(exc_info[2]) from e
  File "G:\æˆ‘çš„é›²ç«¯ç¡¬ç¢Ÿ\SeaExpress_Automation_Project\SeaExpress_Core\venv\Lib\site-packages\sqlalchemy\engine\base.py", line 1936, in _exec_single_context
    self.dialect.do_executemany(
    ~~~~~~~~~~~~~~~~~~~~~~~~~~~^
        cursor,
        ^^^^^^^
    ...<2 lines>...
        context,
        ^^^^^^^^
    )
    ^
  File "G:\æˆ‘çš„é›²ç«¯ç¡¬ç¢Ÿ\SeaExpress_Automation_Project\SeaExpress_Core\venv\Lib\site-packages\sqlalchemy\dialects\mysql\mysqldb.py", line 196, in do_executemany
    rowcount = cursor.executemany(statement, parameters)
  File "G:\æˆ‘çš„é›²ç«¯ç¡¬ç¢Ÿ\SeaExpress_Automation_Project\SeaExpress_Core\venv\Lib\site-packages\pymysql\cursors.py", line 182, in executemany
    return self._do_execute_many(
           ~~~~~~~~~~~~~~~~~~~~~^
        q_prefix,
        ^^^^^^^^^
    ...<4 lines>...
        self._get_db().encoding,
        ^^^^^^^^^^^^^^^^^^^^^^^^
    )
    ^
  File "G:\æˆ‘çš„é›²ç«¯ç¡¬ç¢Ÿ\SeaExpress_Automation_Project\SeaExpress_Core\venv\Lib\site-packages\pymysql\cursors.py", line 220, in _do_execute_many
    rows += self.execute(sql + postfix)
            ~~~~~~~~~~~~^^^^^^^^^^^^^^^
  File "G:\æˆ‘çš„é›²ç«¯ç¡¬ç¢Ÿ\SeaExpress_Automation_Project\SeaExpress_Core\venv\Lib\site-packages\pymysql\cursors.py", line 153, in execute
    result = self._query(query)
  File "G:\æˆ‘çš„é›²ç«¯ç¡¬ç¢Ÿ\SeaExpress_Automation_Project\SeaExpress_Core\venv\Lib\site-packages\pymysql\cursors.py", line 322, in _query
    conn.query(q)
    ~~~~~~~~~~^^^
  File "G:\æˆ‘çš„é›²ç«¯ç¡¬ç¢Ÿ\SeaExpress_Automation_Project\SeaExpress_Core\venv\Lib\site-packages\pymysql\connections.py", line 575, in query
    self._affected_rows = self._read_query_result(unbuffered=unbuffered)
                          ~~~~~~~~~~~~~~~~~~~~~~~^^^^^^^^^^^^^^^^^^^^^^^
  File "G:\æˆ‘çš„é›²ç«¯ç¡¬ç¢Ÿ\SeaExpress_Automation_Project\SeaExpress_Core\venv\Lib\site-packages\pymysql\connections.py", line 826, in _read_query_result
    result.read()
    ~~~~~~~~~~~^^
  File "G:\æˆ‘çš„é›²ç«¯ç¡¬ç¢Ÿ\SeaExpress_Automation_Project\SeaExpress_Core\venv\Lib\site-packages\pymysql\connections.py", line 1203, in read
    first_packet = self.connection._read_packet()
  File "G:\æˆ‘çš„é›²ç«¯ç¡¬ç¢Ÿ\SeaExpress_Automation_Project\SeaExpress_Core\venv\Lib\site-packages\pymysql\connections.py", line 782, in _read_packet
    packet.raise_for_error()
    ~~~~~~~~~~~~~~~~~~~~~~^^
  File "G:\æˆ‘çš„é›²ç«¯ç¡¬ç¢Ÿ\SeaExpress_Automation_Project\SeaExpress_Core\venv\Lib\site-packages\pymysql\protocol.py", line 219, in raise_for_error
    err.raise_mysql_exception(self._data)
    ~~~~~~~~~~~~~~~~~~~~~~~~~^^^^^^^^^^^^
  File "G:\æˆ‘çš„é›²ç«¯ç¡¬ç¢Ÿ\SeaExpress_Automation_Project\SeaExpress_Core\venv\Lib\site-packages\pymysql\err.py", line 150, in raise_mysql_exception
    raise errorclass(errno, errval)
sqlalchemy.exc.IntegrityError: (pymysql.err.IntegrityError) (1062, "Duplicate entry 'Poloè¡«' for key 'uk_original_desc'")
[SQL: INSERT INTO standard_knowledge_base (original_description, official_description, ccc_code, frequency) VALUES (%(original_description)s, %(official_description)s, %(ccc_code)s, %(frequency)s)]
[parameters: [{'original_description': 'æˆ·å¤–æ¤…å­å‡³å­', 'official_description': 'æ¤…å­é…ä»¶', 'ccc_code': '9402.10.92.00-3', 'frequency': 4}, {'original_description': 'å®å®è¾…é£Ÿæœº/æ–™ç†æœº/é£Ÿç‰©æ…æ‹Œå™¨', 'official_description': 'å®¶ç”¨å™¨å…·', 'ccc_code': '7321.89.90.00-3', 'frequency': 1}, {'original_description': 'USBé£æ‰‡', 'official_description': 'é¢¨æ‰‡é…ä»¶', 'ccc_code': '8414.90.90.00-6', 'frequency': 25}, {'original_description': 'æ‰‹æœºè´´è†œ', 'official_description': 'è† è†œ', 'ccc_code': '3926.90.39.00-1', 'frequency': 19}, {'original_description': 'æ±½è½¦è£…é¥°è´´/åå…‰è´´', 'official_description': 'è²¼ç´™', 'ccc_code': '4911.10.00.00-8', 'frequency': 4}, {'original_description': 'æ™ºèƒ½æ‰‹è¡¨', 'official_description': 'æ‰‹éŒ¶', 'ccc_code': '9101.19.90.00-0', 'frequency': 3}, {'original_description': 'æ‰‹æœºå……ç”µå™¨', 'official_description': 'å……é›»å™¨', 'ccc_code': '8504.40.20.00-3', 'frequency': 19}, {'original_description': 'è‡ªæ‹æ†/æ¶', 'official_description': 'æ¶å­', 'ccc_code': '8302.49.00.00-2', 'frequency': 4}  ... displaying 10 of 3205 total bound parameter sets ...  {'original_description': 'è»Šè²¼ç´™', 'official_description': 'è²¼ç´™', 'ccc_code': '4911.10.00.00-8', 'frequency': 1}, {'original_description': 'äºŒä»¶å¥—', 'official_description': 'SHIRT', 'ccc_code': '6110.20.00.00-1', 'frequency': 1}]]
(Background on this error at: https://sqlalche.me/e/20/gkpj)

The above exception was the direct cause of the following exception:

Traceback (most recent call last):
  File "G:\æˆ‘çš„é›²ç«¯ç¡¬ç¢Ÿ\SeaExpress_Automation_Project\SeaExpress_Core\src\batch_train.py", line 145, in train_model
    df_knowledge.to_sql('standard_knowledge_base', conn, if_exists='append', index=False)
    ~~~~~~~~~~~~~~~~~~~^^^^^^^^^^^^^^^^^^^^^^^^^^^^^^^^^^^^^^^^^^^^^^^^^^^^^^^^^^^^^^^^^^
  File "G:\æˆ‘çš„é›²ç«¯ç¡¬ç¢Ÿ\SeaExpress_Automation_Project\SeaExpress_Core\venv\Lib\site-packages\pandas\core\generic.py", line 3052, in to_sql
    return sql.to_sql(
           ~~~~~~~~~~^
        self,
        ^^^^^
    ...<8 lines>...
        method=method,
        ^^^^^^^^^^^^^^
    )
    ^
  File "G:\æˆ‘çš„é›²ç«¯ç¡¬ç¢Ÿ\SeaExpress_Automation_Project\SeaExpress_Core\venv\Lib\site-packages\pandas\io\sql.py", line 841, in to_sql
    return pandas_sql.to_sql(
           ~~~~~~~~~~~~~~~~~^
        frame,
        ^^^^^^
    ...<9 lines>...
        **engine_kwargs,
        ^^^^^^^^^^^^^^^^
    )
    ^
  File "G:\æˆ‘çš„é›²ç«¯ç¡¬ç¢Ÿ\SeaExpress_Automation_Project\SeaExpress_Core\venv\Lib\site-packages\pandas\io\sql.py", line 2037, in to_sql
    total_inserted = sql_engine.insert_records(
        table=table,
    ...<7 lines>...
        **engine_kwargs,
    )
  File "G:\æˆ‘çš„é›²ç«¯ç¡¬ç¢Ÿ\SeaExpress_Automation_Project\SeaExpress_Core\venv\Lib\site-packages\pandas\io\sql.py", line 1571, in insert_records
    return table.insert(chunksize=chunksize, method=method)
           ~~~~~~~~~~~~^^^^^^^^^^^^^^^^^^^^^^^^^^^^^^^^^^^^
  File "G:\æˆ‘çš„é›²ç«¯ç¡¬ç¢Ÿ\SeaExpress_Automation_Project\SeaExpress_Core\venv\Lib\site-packages\pandas\io\sql.py", line 1122, in insert
    num_inserted = exec_insert(conn, keys, chunk_iter)
  File "G:\æˆ‘çš„é›²ç«¯ç¡¬ç¢Ÿ\SeaExpress_Automation_Project\SeaExpress_Core\venv\Lib\site-packages\pandas\io\sql.py", line 1014, in _execute_insert
    result = self.pd_sql.execute(self.table.insert(), data)
  File "G:\æˆ‘çš„é›²ç«¯ç¡¬ç¢Ÿ\SeaExpress_Automation_Project\SeaExpress_Core\venv\Lib\site-packages\pandas\io\sql.py", line 1681, in execute
    raise DatabaseError(f"Execution failed on sql '{sql}': {exc}") from exc
pandas.errors.DatabaseError: Execution failed on sql 'INSERT INTO standard_knowledge_base (original_description, official_description, ccc_code, frequency) VALUES (:original_description, :official_description, :ccc_code, :frequency)': (pymysql.err.IntegrityError) (1062, "Duplicate entry 'Poloè¡«' for key 'uk_original_desc'")
[SQL: INSERT INTO standard_knowledge_base (original_description, official_description, ccc_code, frequency) VALUES (%(original_description)s, %(official_description)s, %(ccc_code)s, %(frequency)s)]
[parameters: [{'original_description': 'æˆ·å¤–æ¤…å­å‡³å­', 'official_description': 'æ¤…å­é…ä»¶', 'ccc_code': '9402.10.92.00-3', 'frequency': 4}, {'original_description': 'å®å®è¾…é£Ÿæœº/æ–™ç†æœº/é£Ÿç‰©æ…æ‹Œå™¨', 'official_description': 'å®¶ç”¨å™¨å…·', 'ccc_code': '7321.89.90.00-3', 'frequency': 1}, {'original_description': 'USBé£æ‰‡', 'official_description': 'é¢¨æ‰‡é…ä»¶', 'ccc_code': '8414.90.90.00-6', 'frequency': 25}, {'original_description': 'æ‰‹æœºè´´è†œ', 'official_description': 'è† è†œ', 'ccc_code': '3926.90.39.00-1', 'frequency': 19}, {'original_description': 'æ±½è½¦è£…é¥°è´´/åå…‰è´´', 'official_description': 'è²¼ç´™', 'ccc_code': '4911.10.00.00-8', 'frequency': 4}, {'original_description': 'æ™ºèƒ½æ‰‹è¡¨', 'official_description': 'æ‰‹éŒ¶', 'ccc_code': '9101.19.90.00-0', 'frequency': 3}, {'original_description': 'æ‰‹æœºå……ç”µå™¨', 'official_description': 'å……é›»å™¨', 'ccc_code': '8504.40.20.00-3', 'frequency': 19}, {'original_description': 'è‡ªæ‹æ†/æ¶', 'official_description': 'æ¶å­', 'ccc_code': '8302.49.00.00-2', 'frequency': 4}  ... displaying 10 of 3205 total bound parameter sets ...  {'original_description': 'è»Šè²¼ç´™', 'official_description': 'è²¼ç´™', 'ccc_code': '4911.10.00.00-8', 'frequency': 1}, {'original_description': 'äºŒä»¶å¥—', 'official_description': 'SHIRT', 'ccc_code': '6110.20.00.00-1', 'frequency': 1}]]
(Background on this error at: https://sqlalche.me/e/20/gkpj)
2026-02-14 23:52:40,016 - INFO - ğŸš€ é–‹å§‹åŸ·è¡Œæ‰¹æ¬¡è¨“ç·´ (Batch Training)...
2026-02-14 23:52:40,022 - INFO - æ­£åœ¨è®€å–æ­·å²è³‡æ–™ (Table A & Table B)...
2026-02-14 23:52:54,141 - INFO - ç¸½åˆ†æå–®æ•¸: A=2723, B=17678
2026-02-14 23:52:54,142 - INFO - ç¬¦åˆã€Œé …æ¬¡æ•¸é‡ä¸€è‡´(1å°1)ã€çš„æœ‰æ•ˆè¨“ç·´å–®æ•¸: 2702
2026-02-14 23:52:54,191 - INFO - æ­£åœ¨é€²è¡ŒçŸ¥è­˜èƒå–èˆ‡å¤šæ•¸æ±ºæŠ•ç¥¨...
2026-02-14 23:52:54,234 - INFO - å­¸ç¿’å®Œæˆï¼Œå…±æå– 3093 æ¢æ¨™æº–çŸ¥è­˜ã€‚
2026-02-14 23:52:54,341 - INFO - æ­£åœ¨æ¸…ç©ºæ¨™æº–çŸ¥è­˜åº« (TRUNCATE)...
2026-02-14 23:52:54,447 - INFO - æ­£åœ¨å¯«å…¥æ–°è¨“ç·´è³‡æ–™...
2026-02-14 23:52:56,029 - INFO - âœ… æ¨™æº–çŸ¥è­˜åº«å·²æ›´æ–°å®Œç•¢ï¼
